  [1m[35m (822.3ms)[0m  [1m[35mCREATE DATABASE "Cats_99_development" ENCODING = 'unicode'[0m
  ↳ bin/rails:9
  [1m[35m (483.9ms)[0m  [1m[35mCREATE DATABASE "Cats_99_test" ENCODING = 'unicode'[0m
  ↳ bin/rails:9
  [1m[35m (72.2ms)[0m  [1m[35mCREATE TABLE "schema_migrations" ("version" character varying NOT NULL PRIMARY KEY)[0m
  ↳ bin/rails:9
  [1m[35m (6.5ms)[0m  [1m[35mCREATE TABLE "ar_internal_metadata" ("key" character varying NOT NULL PRIMARY KEY, "value" character varying, "created_at" timestamp NOT NULL, "updated_at" timestamp NOT NULL)[0m
  ↳ bin/rails:9
  [1m[35m (3.3ms)[0m  [1m[34mSELECT pg_try_advisory_lock(3552545752600783155)[0m
  ↳ bin/rails:9
  [1m[35m (0.9ms)[0m  [1m[34mSELECT "schema_migrations"."version" FROM "schema_migrations" ORDER BY "schema_migrations"."version" ASC[0m
  ↳ bin/rails:9
Migrating to CreateCats (20200103185926)
  [1m[35m (0.3ms)[0m  [1m[35mBEGIN[0m
  ↳ bin/rails:9
  [1m[35m (16.7ms)[0m  [1m[35mCREATE TABLE "cats" ("id" bigserial primary key)[0m
  ↳ db/migrate/20200103185926_create_cats.rb:3
  [1m[36mActiveRecord::SchemaMigration Create (1.9ms)[0m  [1m[32mINSERT INTO "schema_migrations" ("version") VALUES ($1) RETURNING "version"[0m  [["version", "20200103185926"]]
  ↳ bin/rails:9
  [1m[35m (0.8ms)[0m  [1m[35mCOMMIT[0m
  ↳ bin/rails:9
  [1m[36mActiveRecord::InternalMetadata Load (1.9ms)[0m  [1m[34mSELECT  "ar_internal_metadata".* FROM "ar_internal_metadata" WHERE "ar_internal_metadata"."key" = $1 LIMIT $2[0m  [["key", "environment"], ["LIMIT", 1]]
  ↳ bin/rails:9
  [1m[35m (0.6ms)[0m  [1m[35mBEGIN[0m
  ↳ bin/rails:9
  [1m[36mActiveRecord::InternalMetadata Create (1.6ms)[0m  [1m[32mINSERT INTO "ar_internal_metadata" ("key", "value", "created_at", "updated_at") VALUES ($1, $2, $3, $4) RETURNING "key"[0m  [["key", "environment"], ["value", "development"], ["created_at", "2020-01-03 19:05:27.873870"], ["updated_at", "2020-01-03 19:05:27.873870"]]
  ↳ bin/rails:9
  [1m[35m (0.6ms)[0m  [1m[35mCOMMIT[0m
  ↳ bin/rails:9
  [1m[35m (0.4ms)[0m  [1m[34mSELECT pg_advisory_unlock(3552545752600783155)[0m
  ↳ bin/rails:9
  [1m[35m (0.9ms)[0m  [1m[34mSELECT "schema_migrations"."version" FROM "schema_migrations" ORDER BY "schema_migrations"."version" ASC[0m
  ↳ bin/rails:9
  [1m[35m (3.3ms)[0m  [1m[34mSELECT "schema_migrations"."version" FROM "schema_migrations" ORDER BY "schema_migrations"."version" ASC[0m
  ↳ bin/rails:9
  [1m[35m (2.5ms)[0m  [1m[34mSELECT "schema_migrations"."version" FROM "schema_migrations" ORDER BY "schema_migrations"."version" ASC[0m
  ↳ bin/rails:9
  [1m[35m (0.3ms)[0m  [1m[34mSELECT "schema_migrations"."version" FROM "schema_migrations" ORDER BY "schema_migrations"."version" ASC[0m
  ↳ bin/rails:9
  [1m[35m (0.3ms)[0m  [1m[34mSELECT "schema_migrations"."version" FROM "schema_migrations" ORDER BY "schema_migrations"."version" ASC[0m
  ↳ bin/rails:9
  [1m[35m (1.3ms)[0m  [1m[34mSELECT pg_try_advisory_lock(3552545752600783155)[0m
  ↳ bin/rails:9
  [1m[35m (0.4ms)[0m  [1m[34mSELECT "schema_migrations"."version" FROM "schema_migrations" ORDER BY "schema_migrations"."version" ASC[0m
  ↳ bin/rails:9
Migrating to CreateCats (20200103185926)
  [1m[35m (0.8ms)[0m  [1m[35mBEGIN[0m
  ↳ bin/rails:9
  [1m[35m (25.4ms)[0m  [1m[35mDROP TABLE "cats"[0m
  ↳ bin/rails:9
  [1m[36mActiveRecord::SchemaMigration Destroy (4.8ms)[0m  [1m[31mDELETE FROM "schema_migrations" WHERE "schema_migrations"."version" = $1[0m  [["version", "20200103185926"]]
  ↳ bin/rails:9
  [1m[35m (11.2ms)[0m  [1m[35mCOMMIT[0m
  ↳ bin/rails:9
  [1m[35m (0.5ms)[0m  [1m[34mSELECT pg_advisory_unlock(3552545752600783155)[0m
  ↳ bin/rails:9
  [1m[35m (1.5ms)[0m  [1m[34mSELECT "schema_migrations"."version" FROM "schema_migrations" ORDER BY "schema_migrations"."version" ASC[0m
  ↳ bin/rails:9
  [1m[35m (2.3ms)[0m  [1m[34mSELECT "schema_migrations"."version" FROM "schema_migrations" ORDER BY "schema_migrations"."version" ASC[0m
  ↳ bin/rails:9
  [1m[35m (0.4ms)[0m  [1m[34mSELECT pg_try_advisory_lock(3552545752600783155)[0m
  ↳ bin/rails:9
  [1m[35m (1.8ms)[0m  [1m[34mSELECT "schema_migrations"."version" FROM "schema_migrations" ORDER BY "schema_migrations"."version" ASC[0m
  ↳ bin/rails:9
Migrating to CreateCats (20200103185926)
  [1m[35m (0.2ms)[0m  [1m[35mBEGIN[0m
  ↳ bin/rails:9
  [1m[35m (42.6ms)[0m  [1m[35mCREATE TABLE "cats" ("id" bigserial primary key, "birth_date" date NOT NULL, "color" character varying NOT NULL, "name" character varying NOT NULL, "sex" character varying(1) NOT NULL, "description" text, "created_at" timestamp NOT NULL, "updated_at" timestamp NOT NULL)[0m
  ↳ db/migrate/20200103185926_create_cats.rb:3
  [1m[36mActiveRecord::SchemaMigration Create (4.5ms)[0m  [1m[32mINSERT INTO "schema_migrations" ("version") VALUES ($1) RETURNING "version"[0m  [["version", "20200103185926"]]
  ↳ bin/rails:9
  [1m[35m (1.0ms)[0m  [1m[35mCOMMIT[0m
  ↳ bin/rails:9
  [1m[36mActiveRecord::InternalMetadata Load (5.4ms)[0m  [1m[34mSELECT  "ar_internal_metadata".* FROM "ar_internal_metadata" WHERE "ar_internal_metadata"."key" = $1 LIMIT $2[0m  [["key", "environment"], ["LIMIT", 1]]
  ↳ bin/rails:9
  [1m[35m (0.2ms)[0m  [1m[35mBEGIN[0m
  ↳ bin/rails:9
  [1m[35m (0.4ms)[0m  [1m[35mCOMMIT[0m
  ↳ bin/rails:9
  [1m[35m (0.4ms)[0m  [1m[34mSELECT pg_advisory_unlock(3552545752600783155)[0m
  ↳ bin/rails:9
  [1m[35m (0.4ms)[0m  [1m[34mSELECT "schema_migrations"."version" FROM "schema_migrations" ORDER BY "schema_migrations"."version" ASC[0m
  ↳ bin/rails:9
  [1m[35m (4.1ms)[0m  [1m[34mSELECT "schema_migrations"."version" FROM "schema_migrations" ORDER BY "schema_migrations"."version" ASC[0m
  ↳ bin/rails:9
  [1m[36mCat Load (8.3ms)[0m  [1m[34mSELECT "cats".* FROM "cats"[0m
  ↳ db/seeds.rb:10
  [1m[35m (1.0ms)[0m  [1m[35mBEGIN[0m
  ↳ db/seeds.rb:12
  [1m[36mCat Create (13.1ms)[0m  [1m[32mINSERT INTO "cats" ("birth_date", "color", "name", "sex", "description", "created_at", "updated_at") VALUES ($1, $2, $3, $4, $5, $6, $7) RETURNING "id"[0m  [["birth_date", 166], ["color", "Black"], ["name", "Tom"], ["sex", "M"], ["description", "Enemy of Jerry"], ["created_at", "2020-01-03 19:49:13.921510"], ["updated_at", "2020-01-03 19:49:13.921510"]]
  ↳ db/seeds.rb:12
  [1m[35m (0.3ms)[0m  [1m[31mROLLBACK[0m
  ↳ db/seeds.rb:12
  [1m[35m (7.5ms)[0m  [1m[34mSELECT "schema_migrations"."version" FROM "schema_migrations" ORDER BY "schema_migrations"."version" ASC[0m
  ↳ bin/rails:9
  [1m[36mCat Load (4.9ms)[0m  [1m[34mSELECT "cats".* FROM "cats"[0m
  ↳ db/seeds.rb:10
  [1m[35m (0.8ms)[0m  [1m[35mBEGIN[0m
  ↳ db/seeds.rb:12
  [1m[36mCat Create (24.1ms)[0m  [1m[32mINSERT INTO "cats" ("birth_date", "color", "name", "sex", "description", "created_at", "updated_at") VALUES ($1, $2, $3, $4, $5, $6, $7) RETURNING "id"[0m  [["birth_date", "2002-03-04"], ["color", "Black"], ["name", "Tom"], ["sex", "M"], ["description", "Enemy of Jerry"], ["created_at", "2020-01-03 19:50:18.769109"], ["updated_at", "2020-01-03 19:50:18.769109"]]
  ↳ db/seeds.rb:12
  [1m[35m (4.7ms)[0m  [1m[35mCOMMIT[0m
  ↳ db/seeds.rb:12
  [1m[36mCat Load (3.0ms)[0m  [1m[34mSELECT "cats".* FROM "cats"[0m
Started GET "/" for ::1 at 2020-01-03 14:52:18 -0500
  [1m[35m (3.3ms)[0m  [1m[34mSELECT "schema_migrations"."version" FROM "schema_migrations" ORDER BY "schema_migrations"."version" ASC[0m
  ↳ /Users/jasonvelarde/.rbenv/versions/2.5.1/lib/ruby/gems/2.5.0/gems/activerecord-5.2.4.1/lib/active_record/log_subscriber.rb:98
Processing by Rails::WelcomeController#index as HTML
  Rendering /Users/jasonvelarde/.rbenv/versions/2.5.1/lib/ruby/gems/2.5.0/gems/railties-5.2.4.1/lib/rails/templates/rails/welcome/index.html.erb
  Rendered /Users/jasonvelarde/.rbenv/versions/2.5.1/lib/ruby/gems/2.5.0/gems/railties-5.2.4.1/lib/rails/templates/rails/welcome/index.html.erb (31.9ms)
Completed 200 OK in 321ms (Views: 78.5ms | ActiveRecord: 0.0ms)


Started GET "/cats/show" for ::1 at 2020-01-03 14:53:09 -0500
Processing by CatsController#show as HTML
  Parameters: {"id"=>"show"}
  [1m[36mCat Load (4.2ms)[0m  [1m[34mSELECT  "cats".* FROM "cats" WHERE "cats"."id" = $1 LIMIT $2[0m  [["id", 0], ["LIMIT", 1]]
  ↳ app/controllers/cats_controller.rb:9
Completed 500 Internal Server Error in 589ms (ActiveRecord: 75.1ms)



ActionView::MissingTemplate - Missing template cats/show, application/show with {:locale=>[:en], :formats=>[:html], :variants=>[], :handlers=>[:raw, :erb, :html, :builder, :ruby, :coffee, :jbuilder]}. Searched in:
  * "/Users/jasonvelarde/Documents/AAClasswork/W6D5/Cats_99/app/views"
:
  app/controllers/cats_controller.rb:10:in `show'

Started POST "/__better_errors/89157aa962316430/variables" for ::1 at 2020-01-03 14:53:14 -0500
Started GET "/cats/1" for ::1 at 2020-01-03 14:54:11 -0500
Processing by CatsController#show as HTML
  Parameters: {"id"=>"1"}
  [1m[36mCat Load (38.8ms)[0m  [1m[34mSELECT  "cats".* FROM "cats" WHERE "cats"."id" = $1 LIMIT $2[0m  [["id", 1], ["LIMIT", 1]]
  ↳ app/controllers/cats_controller.rb:9
Completed 500 Internal Server Error in 354ms (ActiveRecord: 121.0ms)



ActionView::MissingTemplate - Missing template cats/show, application/show with {:locale=>[:en], :formats=>[:html], :variants=>[], :handlers=>[:raw, :erb, :html, :builder, :ruby, :coffee, :jbuilder]}. Searched in:
  * "/Users/jasonvelarde/Documents/AAClasswork/W6D5/Cats_99/app/views"
:
  app/controllers/cats_controller.rb:10:in `show'

Started POST "/__better_errors/e842dab41f2ea383/variables" for ::1 at 2020-01-03 14:54:13 -0500
Started POST "/__better_errors/e842dab41f2ea383/eval" for ::1 at 2020-01-03 14:54:31 -0500
Started GET "/cats/1" for ::1 at 2020-01-03 14:54:54 -0500
Processing by CatsController#show as HTML
  Parameters: {"id"=>"1"}
  [1m[36mCat Load (20.3ms)[0m  [1m[34mSELECT  "cats".* FROM "cats" WHERE (1) LIMIT $1[0m  [["LIMIT", 1]]
  ↳ app/controllers/cats_controller.rb:9
Completed 500 Internal Server Error in 112ms (ActiveRecord: 77.3ms)



PG::DatatypeMismatch - ERROR:  argument of WHERE must be type boolean, not type integer
LINE 1: SELECT  "cats".* FROM "cats" WHERE (1) LIMIT $1
                                            ^
:
  app/controllers/cats_controller.rb:9:in `show'

Started POST "/__better_errors/654fbf42ae7e1081/variables" for ::1 at 2020-01-03 14:54:56 -0500
Started POST "/__better_errors/654fbf42ae7e1081/eval" for ::1 at 2020-01-03 14:55:03 -0500
Started GET "/cats/1" for ::1 at 2020-01-03 14:55:16 -0500
Processing by CatsController#show as HTML
  Parameters: {"id"=>"1"}
  [1m[36mCat Load (7.4ms)[0m  [1m[34mSELECT  "cats".* FROM "cats" WHERE "cats"."id" = $1 LIMIT $2[0m  [["id", 1], ["LIMIT", 1]]
  ↳ app/controllers/cats_controller.rb:9
Completed 500 Internal Server Error in 226ms (ActiveRecord: 98.9ms)



ActionView::MissingTemplate - Missing template cats/show, application/show with {:locale=>[:en], :formats=>[:html], :variants=>[], :handlers=>[:raw, :erb, :html, :builder, :ruby, :coffee, :jbuilder]}. Searched in:
  * "/Users/jasonvelarde/Documents/AAClasswork/W6D5/Cats_99/app/views"
:
  app/controllers/cats_controller.rb:10:in `show'

Started POST "/__better_errors/a574ebc397744379/variables" for ::1 at 2020-01-03 14:55:19 -0500
Started GET "/cats/1" for ::1 at 2020-01-03 14:55:19 -0500
Processing by CatsController#show as HTML
  Parameters: {"id"=>"1"}
  [1m[36mCat Load (1.7ms)[0m  [1m[34mSELECT  "cats".* FROM "cats" WHERE "cats"."id" = $1 LIMIT $2[0m  [["id", 1], ["LIMIT", 1]]
  ↳ app/controllers/cats_controller.rb:9
Completed 500 Internal Server Error in 21ms (ActiveRecord: 1.7ms)



ActionView::MissingTemplate - Missing template cats/show, application/show with {:locale=>[:en], :formats=>[:html], :variants=>[], :handlers=>[:raw, :erb, :html, :builder, :ruby, :coffee, :jbuilder]}. Searched in:
  * "/Users/jasonvelarde/Documents/AAClasswork/W6D5/Cats_99/app/views"
:
  app/controllers/cats_controller.rb:10:in `show'

Started POST "/__better_errors/c7408f78a25f8edd/variables" for ::1 at 2020-01-03 14:55:20 -0500
Started POST "/__better_errors/c7408f78a25f8edd/eval" for ::1 at 2020-01-03 14:55:26 -0500
Started GET "/cats" for ::1 at 2020-01-03 14:56:06 -0500
Processing by CatsController#index as HTML
  Rendering cats/index.html.erb within layouts/application
  [1m[36mCat Load (19.4ms)[0m  [1m[34mSELECT "cats".* FROM "cats"[0m
  ↳ app/views/cats/index.html.erb:4
  Rendered cats/index.html.erb within layouts/application (39.8ms)
Completed 200 OK in 3702ms (Views: 3667.1ms | ActiveRecord: 19.4ms)


  [1m[35m (2.6ms)[0m  [1m[34mSELECT "schema_migrations"."version" FROM "schema_migrations" ORDER BY "schema_migrations"."version" ASC[0m
  ↳ bin/rails:9
  [1m[36mCat Load (4.4ms)[0m  [1m[34mSELECT "cats".* FROM "cats"[0m
  ↳ db/seeds.rb:10
  [1m[35m (2.5ms)[0m  [1m[35mBEGIN[0m
  ↳ db/seeds.rb:10
  [1m[36mCat Destroy (8.6ms)[0m  [1m[31mDELETE FROM "cats" WHERE "cats"."id" = $1[0m  [["id", 1]]
  ↳ db/seeds.rb:10
  [1m[35m (3.3ms)[0m  [1m[35mCOMMIT[0m
  ↳ db/seeds.rb:10
  [1m[35m (0.4ms)[0m  [1m[35mBEGIN[0m
  ↳ db/seeds.rb:12
  [1m[36mCat Create (10.3ms)[0m  [1m[32mINSERT INTO "cats" ("birth_date", "color", "name", "sex", "description", "created_at", "updated_at") VALUES ($1, $2, $3, $4, $5, $6, $7) RETURNING "id"[0m  [["birth_date", "2002-03-04"], ["color", "Black"], ["name", "Tom"], ["sex", "M"], ["description", "Enemy of Jerry"], ["created_at", "2020-01-03 19:58:44.214603"], ["updated_at", "2020-01-03 19:58:44.214603"]]
  ↳ db/seeds.rb:12
  [1m[35m (0.5ms)[0m  [1m[35mCOMMIT[0m
  ↳ db/seeds.rb:12
  [1m[35m (0.2ms)[0m  [1m[35mBEGIN[0m
  ↳ db/seeds.rb:20
  [1m[35m (0.4ms)[0m  [1m[31mROLLBACK[0m
  ↳ db/seeds.rb:20
  [1m[35m (2.0ms)[0m  [1m[34mSELECT "schema_migrations"."version" FROM "schema_migrations" ORDER BY "schema_migrations"."version" ASC[0m
  ↳ bin/rails:9
  [1m[36mCat Load (2.3ms)[0m  [1m[34mSELECT "cats".* FROM "cats"[0m
  ↳ db/seeds.rb:10
  [1m[35m (0.3ms)[0m  [1m[35mBEGIN[0m
  ↳ db/seeds.rb:10
  [1m[36mCat Destroy (0.7ms)[0m  [1m[31mDELETE FROM "cats" WHERE "cats"."id" = $1[0m  [["id", 2]]
  ↳ db/seeds.rb:10
  [1m[35m (2.4ms)[0m  [1m[35mCOMMIT[0m
  ↳ db/seeds.rb:10
  [1m[35m (0.2ms)[0m  [1m[35mBEGIN[0m
  ↳ db/seeds.rb:12
  [1m[36mCat Create (2.3ms)[0m  [1m[32mINSERT INTO "cats" ("birth_date", "color", "name", "sex", "description", "created_at", "updated_at") VALUES ($1, $2, $3, $4, $5, $6, $7) RETURNING "id"[0m  [["birth_date", "2002-03-04"], ["color", "Black"], ["name", "Tom"], ["sex", "M"], ["description", "Enemy of Jerry"], ["created_at", "2020-01-03 19:59:31.172220"], ["updated_at", "2020-01-03 19:59:31.172220"]]
  ↳ db/seeds.rb:12
  [1m[35m (0.6ms)[0m  [1m[35mCOMMIT[0m
  ↳ db/seeds.rb:12
  [1m[35m (0.1ms)[0m  [1m[35mBEGIN[0m
  ↳ db/seeds.rb:20
  [1m[36mCat Create (0.5ms)[0m  [1m[32mINSERT INTO "cats" ("birth_date", "color", "name", "sex", "description", "created_at", "updated_at") VALUES ($1, $2, $3, $4, $5, $6, $7) RETURNING "id"[0m  [["birth_date", "2018-11-07"], ["color", "Grey"], ["name", "Shadow"], ["sex", "M"], ["description", "Cihangir's cat"], ["created_at", "2020-01-03 19:59:31.178612"], ["updated_at", "2020-01-03 19:59:31.178612"]]
  ↳ db/seeds.rb:20
  [1m[35m (0.5ms)[0m  [1m[35mCOMMIT[0m
  ↳ db/seeds.rb:20
Started GET "/cats" for ::1 at 2020-01-03 14:59:36 -0500
Processing by CatsController#index as HTML
  Rendering cats/index.html.erb within layouts/application
  [1m[36mCat Load (3.3ms)[0m  [1m[34mSELECT "cats".* FROM "cats"[0m
  ↳ app/views/cats/index.html.erb:4
  Rendered cats/index.html.erb within layouts/application (48.4ms)
Completed 200 OK in 298ms (Views: 259.2ms | ActiveRecord: 20.7ms)


Started GET "/cats/1" for ::1 at 2020-01-03 15:11:57 -0500
Processing by CatsController#show as HTML
  Parameters: {"id"=>"1"}
  [1m[36mCat Load (4.3ms)[0m  [1m[34mSELECT  "cats".* FROM "cats" WHERE "cats"."id" = $1 LIMIT $2[0m  [["id", 1], ["LIMIT", 1]]
  ↳ app/controllers/cats_controller.rb:9
Completed 404 Not Found in 75ms (ActiveRecord: 4.6ms)



ActiveRecord::RecordNotFound - Couldn't find Cat with 'id'=1:
  app/controllers/cats_controller.rb:9:in `show'

Started POST "/__better_errors/20a1a447324f6c6f/variables" for ::1 at 2020-01-03 15:11:57 -0500
Started POST "/__better_errors/20a1a447324f6c6f/eval" for ::1 at 2020-01-03 15:12:02 -0500
Started POST "/__better_errors/20a1a447324f6c6f/eval" for ::1 at 2020-01-03 15:12:08 -0500
Started GET "/cats/" for ::1 at 2020-01-03 15:12:13 -0500
Processing by CatsController#index as HTML
  Rendering cats/index.html.erb within layouts/application
  [1m[36mCat Load (3.4ms)[0m  [1m[34mSELECT "cats".* FROM "cats"[0m
  ↳ app/views/cats/index.html.erb:4
  Rendered cats/index.html.erb within layouts/application (44.7ms)
Completed 200 OK in 521ms (Views: 500.5ms | ActiveRecord: 3.4ms)


Started GET "/cats/2" for ::1 at 2020-01-03 15:12:27 -0500
Processing by CatsController#show as HTML
  Parameters: {"id"=>"2"}
  [1m[36mCat Load (2.2ms)[0m  [1m[34mSELECT  "cats".* FROM "cats" WHERE "cats"."id" = $1 LIMIT $2[0m  [["id", 2], ["LIMIT", 1]]
  ↳ app/controllers/cats_controller.rb:9
Completed 404 Not Found in 44ms (ActiveRecord: 2.2ms)



ActiveRecord::RecordNotFound - Couldn't find Cat with 'id'=2:
  app/controllers/cats_controller.rb:9:in `show'

Started POST "/__better_errors/624d923e1f4d36cc/variables" for ::1 at 2020-01-03 15:12:28 -0500
  [1m[36mCat Load (4.7ms)[0m  [1m[34mSELECT "cats".* FROM "cats"[0m
Started GET "/cats/3" for ::1 at 2020-01-03 15:13:08 -0500
Processing by CatsController#show as HTML
  Parameters: {"id"=>"3"}
  [1m[36mCat Load (1.7ms)[0m  [1m[34mSELECT  "cats".* FROM "cats" WHERE "cats"."id" = $1 LIMIT $2[0m  [["id", 3], ["LIMIT", 1]]
  ↳ app/controllers/cats_controller.rb:9
  Rendering cats/show.html.erb within layouts/application
  Rendered cats/show.html.erb within layouts/application (4.1ms)
Completed 200 OK in 188ms (Views: 164.1ms | ActiveRecord: 1.7ms)


Started GET "/cats/3" for ::1 at 2020-01-03 15:14:51 -0500
Processing by CatsController#show as HTML
  Parameters: {"id"=>"3"}
  [1m[36mCat Load (1.4ms)[0m  [1m[34mSELECT  "cats".* FROM "cats" WHERE "cats"."id" = $1 LIMIT $2[0m  [["id", 3], ["LIMIT", 1]]
  ↳ app/controllers/cats_controller.rb:9
  Rendering cats/show.html.erb within layouts/application
  Rendered cats/show.html.erb within layouts/application (131.1ms)
Completed 200 OK in 359ms (Views: 332.6ms | ActiveRecord: 1.4ms)


Started GET "/cats/4" for ::1 at 2020-01-03 15:15:05 -0500
Processing by CatsController#show as HTML
  Parameters: {"id"=>"4"}
  [1m[36mCat Load (1.6ms)[0m  [1m[34mSELECT  "cats".* FROM "cats" WHERE "cats"."id" = $1 LIMIT $2[0m  [["id", 4], ["LIMIT", 1]]
  ↳ app/controllers/cats_controller.rb:9
  Rendering cats/show.html.erb within layouts/application
  Rendered cats/show.html.erb within layouts/application (9.6ms)
Completed 200 OK in 184ms (Views: 156.4ms | ActiveRecord: 1.6ms)


Started GET "/cats" for ::1 at 2020-01-03 15:15:48 -0500
Processing by CatsController#index as HTML
  Rendering cats/index.html.erb within layouts/application
  [1m[36mCat Load (2.2ms)[0m  [1m[34mSELECT "cats".* FROM "cats"[0m
  ↳ app/views/cats/index.html.erb:4
  Rendered cats/index.html.erb within layouts/application (31.9ms)
Completed 200 OK in 476ms (Views: 446.4ms | ActiveRecord: 2.2ms)


Started GET "/cats/4" for ::1 at 2020-01-03 15:15:55 -0500
Processing by CatsController#show as HTML
  Parameters: {"id"=>"4"}
  [1m[36mCat Load (4.7ms)[0m  [1m[34mSELECT  "cats".* FROM "cats" WHERE "cats"."id" = $1 LIMIT $2[0m  [["id", 4], ["LIMIT", 1]]
  ↳ app/controllers/cats_controller.rb:9
  Rendering cats/show.html.erb within layouts/application
  Rendered cats/show.html.erb within layouts/application (5.9ms)
Completed 200 OK in 95ms (Views: 81.3ms | ActiveRecord: 4.7ms)


Started GET "/cats/3" for ::1 at 2020-01-03 15:15:58 -0500
Processing by CatsController#show as HTML
  Parameters: {"id"=>"3"}
  [1m[36mCat Load (0.5ms)[0m  [1m[34mSELECT  "cats".* FROM "cats" WHERE "cats"."id" = $1 LIMIT $2[0m  [["id", 3], ["LIMIT", 1]]
  ↳ app/controllers/cats_controller.rb:9
  Rendering cats/show.html.erb within layouts/application
  Rendered cats/show.html.erb within layouts/application (6.9ms)
Completed 200 OK in 116ms (Views: 112.0ms | ActiveRecord: 0.5ms)


Started GET "/cats/3" for ::1 at 2020-01-03 15:17:27 -0500
Processing by CatsController#show as HTML
  Parameters: {"id"=>"3"}
  [1m[36mCat Load (14.3ms)[0m  [1m[34mSELECT  "cats".* FROM "cats" WHERE "cats"."id" = $1 LIMIT $2[0m  [["id", 3], ["LIMIT", 1]]
  ↳ app/controllers/cats_controller.rb:9
  Rendering cats/show.html.erb within layouts/application
  Rendered cats/show.html.erb within layouts/application (27.4ms)
Completed 200 OK in 1025ms (Views: 957.9ms | ActiveRecord: 14.3ms)


Started GET "/cats/4" for ::1 at 2020-01-03 15:17:41 -0500
Processing by CatsController#show as HTML
  Parameters: {"id"=>"4"}
  [1m[36mCat Load (1.7ms)[0m  [1m[34mSELECT  "cats".* FROM "cats" WHERE "cats"."id" = $1 LIMIT $2[0m  [["id", 4], ["LIMIT", 1]]
  ↳ app/controllers/cats_controller.rb:9
  Rendering cats/show.html.erb within layouts/application
  Rendered cats/show.html.erb within layouts/application (9.4ms)
Completed 200 OK in 272ms (Views: 240.2ms | ActiveRecord: 1.7ms)


Started GET "/cats/4" for ::1 at 2020-01-03 15:25:22 -0500
Processing by CatsController#show as HTML
  Parameters: {"id"=>"4"}
  [1m[36mCat Load (4.9ms)[0m  [1m[34mSELECT  "cats".* FROM "cats" WHERE "cats"."id" = $1 LIMIT $2[0m  [["id", 4], ["LIMIT", 1]]
  ↳ app/controllers/cats_controller.rb:9
  Rendering cats/show.html.erb within layouts/application
  Rendered cats/show.html.erb within layouts/application (14.5ms)
Completed 200 OK in 549ms (Views: 419.0ms | ActiveRecord: 54.5ms)


Started GET "/cats/3" for ::1 at 2020-01-03 15:25:26 -0500
Processing by CatsController#show as HTML
  Parameters: {"id"=>"3"}
  [1m[36mCat Load (1.4ms)[0m  [1m[34mSELECT  "cats".* FROM "cats" WHERE "cats"."id" = $1 LIMIT $2[0m  [["id", 3], ["LIMIT", 1]]
  ↳ app/controllers/cats_controller.rb:9
  Rendering cats/show.html.erb within layouts/application
  Rendered cats/show.html.erb within layouts/application (1.1ms)
Completed 200 OK in 105ms (Views: 100.8ms | ActiveRecord: 1.4ms)


Started GET "/cats/3" for ::1 at 2020-01-03 16:10:42 -0500
Processing by CatsController#show as HTML
  Parameters: {"id"=>"3"}
  [1m[36mCat Load (5.4ms)[0m  [1m[34mSELECT  "cats".* FROM "cats" WHERE "cats"."id" = $1 LIMIT $2[0m  [["id", 3], ["LIMIT", 1]]
  ↳ app/controllers/cats_controller.rb:9
  Rendering cats/show.html.erb within layouts/application
  Rendered cats/show.html.erb within layouts/application (24.8ms)
Completed 200 OK in 913ms (Views: 868.2ms | ActiveRecord: 6.1ms)


Started GET "/cats/4" for ::1 at 2020-01-03 16:10:45 -0500
Processing by CatsController#show as HTML
  Parameters: {"id"=>"4"}
  [1m[36mCat Load (1.5ms)[0m  [1m[34mSELECT  "cats".* FROM "cats" WHERE "cats"."id" = $1 LIMIT $2[0m  [["id", 4], ["LIMIT", 1]]
  ↳ app/controllers/cats_controller.rb:9
  Rendering cats/show.html.erb within layouts/application
  Rendered cats/show.html.erb within layouts/application (1.3ms)
Completed 200 OK in 128ms (Views: 120.0ms | ActiveRecord: 1.5ms)


  [1m[36mCat Load (4.5ms)[0m  [1m[34mSELECT "cats".* FROM "cats"[0m
Started GET "/cats/new" for ::1 at 2020-01-03 16:27:01 -0500
Processing by CatsController#new as HTML
  Rendering cats/new.html.erb within layouts/application
  Rendered cats/_form.html.erb (312.2ms)
  Rendered cats/new.html.erb within layouts/application (369.5ms)
Completed 500 Internal Server Error in 457ms (ActiveRecord: 0.0ms)



ActionController::UrlGenerationError - No route matches {:action=>"show", :controller=>"cats", :id=>nil}, missing required keys: [:id]:
  app/views/cats/_form.html.erb:3:in `_app_views_cats__form_html_erb___162943494125773379_70120488321560'
  app/views/cats/new.html.erb:6:in `_app_views_cats_new_html_erb__2860430887638477149_70120504417120'
  app/controllers/cats_controller.rb:15:in `new'

Started POST "/__better_errors/2efc0214b6245476/variables" for ::1 at 2020-01-03 16:27:03 -0500
Started GET "/cats/new" for ::1 at 2020-01-03 16:27:28 -0500
Processing by CatsController#new as HTML
  Rendering cats/new.html.erb within layouts/application
  Rendered cats/_form.html.erb (47.9ms)
  Rendered cats/new.html.erb within layouts/application (90.1ms)
Completed 500 Internal Server Error in 129ms (ActiveRecord: 0.0ms)



ActionController::UrlGenerationError - No route matches {:action=>"show", :controller=>"cats", :id=>nil}, missing required keys: [:id]:
  app/views/cats/_form.html.erb:3:in `_app_views_cats__form_html_erb___162943494125773379_70120505666180'
  app/views/cats/new.html.erb:6:in `_app_views_cats_new_html_erb__2860430887638477149_70120492627760'
  app/controllers/cats_controller.rb:15:in `new'

Started POST "/__better_errors/6c7b160037bbaae6/variables" for ::1 at 2020-01-03 16:27:29 -0500
Started GET "/cats/new" for ::1 at 2020-01-03 16:28:16 -0500
Processing by CatsController#new as HTML
  Rendering cats/new.html.erb within layouts/application
  Rendered cats/_form.html.erb (22.5ms)
  Rendered cats/new.html.erb within layouts/application (112.8ms)
Completed 500 Internal Server Error in 170ms (ActiveRecord: 0.0ms)



ActionController::UrlGenerationError - No route matches {:action=>"show", :controller=>"cats", :id=>nil}, missing required keys: [:id]:
  app/views/cats/_form.html.erb:3:in `_app_views_cats__form_html_erb___162943494125773379_70120506442600'
  app/views/cats/new.html.erb:6:in `_app_views_cats_new_html_erb__2860430887638477149_70120506461600'
  app/controllers/cats_controller.rb:15:in `new'

Started POST "/__better_errors/f59939267c2a8015/variables" for ::1 at 2020-01-03 16:28:16 -0500
Started POST "/__better_errors/f59939267c2a8015/variables" for ::1 at 2020-01-03 16:28:27 -0500
Started POST "/__better_errors/f59939267c2a8015/variables" for ::1 at 2020-01-03 16:28:28 -0500
Started POST "/__better_errors/f59939267c2a8015/eval" for ::1 at 2020-01-03 16:28:39 -0500
Started GET "/cats/new" for ::1 at 2020-01-03 16:29:16 -0500
Processing by CatsController#new as HTML
  Rendering cats/new.html.erb within layouts/application
  Rendered cats/_form.html.erb (29.1ms)
  Rendered cats/new.html.erb within layouts/application (75.4ms)
Completed 500 Internal Server Error in 108ms (ActiveRecord: 0.0ms)



ActionController::UrlGenerationError - No route matches {:action=>"show", :controller=>"cats", :id=>nil}, missing required keys: [:id]:
  app/views/cats/_form.html.erb:3:in `_app_views_cats__form_html_erb___162943494125773379_70120492133420'
  app/views/cats/new.html.erb:6:in `_app_views_cats_new_html_erb__2860430887638477149_70120489588440'
  app/controllers/cats_controller.rb:15:in `new'

Started POST "/__better_errors/80a52fd1ba79644a/variables" for ::1 at 2020-01-03 16:29:17 -0500
Started GET "/cats/new" for ::1 at 2020-01-03 16:39:35 -0500
Processing by CatsController#new as HTML
  Rendering cats/new.html.erb within layouts/application
  Rendered cats/_form.html.erb (15.0ms)
  Rendered cats/new.html.erb within layouts/application (153.4ms)
Completed 500 Internal Server Error in 559ms (ActiveRecord: 57.3ms)



ActionController::UrlGenerationError - No route matches {:action=>"show", :controller=>"cats", :id=>nil}, missing required keys: [:id]:
  app/views/cats/_form.html.erb:3:in `_app_views_cats__form_html_erb___162943494125773379_70120504914020'
  app/views/cats/new.html.erb:6:in `_app_views_cats_new_html_erb__2860430887638477149_70120505014200'
  app/controllers/cats_controller.rb:15:in `new'

Started POST "/__better_errors/ae872bf3518d9f53/variables" for ::1 at 2020-01-03 16:39:39 -0500
Started GET "/cats/new" for ::1 at 2020-01-03 16:41:39 -0500
Processing by CatsController#new as HTML
  Rendering cats/new.html.erb within layouts/application
  Rendered cats/_form.html.erb (75.7ms)
  Rendered cats/new.html.erb within layouts/application (1943.5ms)
Completed 200 OK in 16720ms (Views: 16272.4ms | ActiveRecord: 0.0ms)


Started GET "/cats" for ::1 at 2020-01-03 16:57:44 -0500
Processing by CatsController#index as HTML
  Rendering cats/index.html.erb within layouts/application
  [1m[36mCat Load (18.6ms)[0m  [1m[34mSELECT "cats".* FROM "cats"[0m
  ↳ app/views/cats/index.html.erb:4
  Rendered cats/index.html.erb within layouts/application (52.5ms)
Completed 200 OK in 893ms (Views: 845.6ms | ActiveRecord: 18.6ms)


Started GET "/cats/new" for ::1 at 2020-01-03 16:57:53 -0500
Processing by CatsController#new as HTML
  Rendering cats/new.html.erb within layouts/application
  Rendered cats/_form.html.erb (9.6ms)
  Rendered cats/new.html.erb within layouts/application (34.8ms)
Completed 200 OK in 264ms (Views: 250.8ms | ActiveRecord: 0.0ms)


Started GET "/cats/new" for ::1 at 2020-01-03 16:59:03 -0500
Processing by CatsController#new as HTML
  Rendering cats/new.html.erb within layouts/application
  Rendered cats/_form.html.erb (37.0ms)
  Rendered cats/new.html.erb within layouts/application (412.9ms)
Completed 200 OK in 1057ms (Views: 1036.5ms | ActiveRecord: 0.0ms)


Started GET "/cats/new" for ::1 at 2020-01-03 16:59:16 -0500
Processing by CatsController#new as HTML
  Rendering cats/new.html.erb within layouts/application
  Rendered cats/_form.html.erb (14.0ms)
  Rendered cats/new.html.erb within layouts/application (218.6ms)
Completed 200 OK in 618ms (Views: 558.6ms | ActiveRecord: 0.0ms)


Started GET "/cats/new" for ::1 at 2020-01-03 17:01:08 -0500
Processing by CatsController#new as HTML
  Rendering cats/new.html.erb within layouts/application
  Rendered cats/_form.html.erb (24.2ms)
  Rendered cats/new.html.erb within layouts/application (408.0ms)
Completed 200 OK in 1292ms (Views: 1257.0ms | ActiveRecord: 0.0ms)


Started GET "/cats/new" for ::1 at 2020-01-03 17:02:19 -0500
Processing by CatsController#new as HTML
  Rendering cats/new.html.erb within layouts/application
  Rendered cats/_form.html.erb (17.4ms)
  Rendered cats/new.html.erb within layouts/application (821.6ms)
Completed 200 OK in 2066ms (Views: 2017.6ms | ActiveRecord: 0.0ms)


Started GET "/cats/new" for ::1 at 2020-01-03 17:04:48 -0500
Processing by CatsController#new as HTML
  Rendering cats/new.html.erb within layouts/application
  Rendered cats/_form.html.erb (8.2ms)
  Rendered cats/new.html.erb within layouts/application (31.3ms)
Completed 200 OK in 641ms (Views: 614.6ms | ActiveRecord: 0.0ms)


Started GET "/cats/new" for ::1 at 2020-01-03 17:07:41 -0500
Processing by CatsController#new as HTML
  Rendering cats/new.html.erb within layouts/application
  Rendered cats/_form.html.erb (9.3ms)
  Rendered cats/new.html.erb within layouts/application (61.8ms)
Completed 200 OK in 295ms (Views: 272.9ms | ActiveRecord: 0.0ms)


Started GET "/cats/new" for ::1 at 2020-01-03 17:07:56 -0500
Processing by CatsController#new as HTML
  Rendering cats/new.html.erb within layouts/application
  Rendered cats/_form.html.erb (6.0ms)
  Rendered cats/new.html.erb within layouts/application (39.5ms)
Completed 200 OK in 303ms (Views: 295.5ms | ActiveRecord: 0.0ms)


Started GET "/cats/new" for ::1 at 2020-01-03 17:08:45 -0500
Processing by CatsController#new as HTML
  Rendering cats/new.html.erb within layouts/application
  Rendered cats/_form.html.erb (21.6ms)
  Rendered cats/new.html.erb within layouts/application (62.0ms)
Completed 200 OK in 580ms (Views: 558.1ms | ActiveRecord: 0.0ms)


Started GET "/cats/new" for ::1 at 2020-01-03 17:10:25 -0500
Processing by CatsController#new as HTML
  Rendering cats/new.html.erb within layouts/application
  Rendered cats/_form.html.erb (7.8ms)
  Rendered cats/new.html.erb within layouts/application (159.8ms)
Completed 200 OK in 951ms (Views: 910.8ms | ActiveRecord: 0.0ms)


Started GET "/cats/new" for ::1 at 2020-01-03 17:10:32 -0500
Processing by CatsController#new as HTML
  Rendering cats/new.html.erb within layouts/application
  Rendered cats/_form.html.erb (3.4ms)
  Rendered cats/new.html.erb within layouts/application (14.1ms)
Completed 200 OK in 215ms (Views: 212.4ms | ActiveRecord: 0.0ms)


Started GET "/cats/new" for ::1 at 2020-01-03 17:19:00 -0500
Processing by CatsController#new as HTML
  Rendering cats/new.html.erb within layouts/application
  Rendered cats/_form.html.erb (8.0ms)
  Rendered cats/new.html.erb within layouts/application (70.9ms)
Completed 200 OK in 718ms (Views: 690.9ms | ActiveRecord: 0.0ms)


Started GET "/cats/new" for ::1 at 2020-01-03 17:21:00 -0500
Processing by CatsController#new as HTML
  Rendering cats/new.html.erb within layouts/application
  Rendered cats/_form.html.erb (15.0ms)
  Rendered cats/new.html.erb within layouts/application (77.1ms)
Completed 200 OK in 426ms (Views: 413.3ms | ActiveRecord: 0.0ms)


Started GET "/cats/new" for ::1 at 2020-01-03 17:22:42 -0500
Processing by CatsController#new as HTML
  Rendering cats/new.html.erb within layouts/application
  Rendered cats/_form.html.erb (26.6ms)
  Rendered cats/new.html.erb within layouts/application (594.9ms)
Completed 200 OK in 1480ms (Views: 1437.0ms | ActiveRecord: 0.0ms)


Started GET "/cats/new" for ::1 at 2020-01-03 17:23:41 -0500
Processing by CatsController#new as HTML
  Rendering cats/new.html.erb within layouts/application
  Rendered cats/_form.html.erb (28.2ms)
  Rendered cats/new.html.erb within layouts/application (56.5ms)
Completed 200 OK in 355ms (Views: 335.8ms | ActiveRecord: 0.0ms)


